<?xml version="1.0" encoding="UTF-8"?>
<!-- Generated by org.testng.reporters.JUnitReportReporter -->
<testsuite hostname="suraj" failures="0" tests="1" name="com.actitime.testscript.CustomerModule" time="23.816" errors="0" timestamp="2023-07-21T14:33:13 IST" skipped="0">
  <testcase classname="com.actitime.testscript.CustomerModule" name="testcreatecustomer" time="23.816">
    <system-out>
      <![CDATA[createcustomer]]>
    </system-out>
  </testcase> <!-- testcreatecustomer -->
  <system-out>
    <![CDATA[login
createcustomer
logout
closing browser]]>
  </system-out>
</testsuite> <!-- com.actitime.testscript.CustomerModule -->
